{"C:\\Users\\conta\\Pets\\controllers\\ReservationController.js": {"path":"C:\\Users\\conta\\Pets\\controllers\\ReservationController.js","statementMap":{"0":{"start":{"line":1,"column":15},"end":{"line":1,"column":28}},"1":{"start":{"line":2,"column":16},"end":{"line":2,"column":37}},"2":{"start":{"line":3,"column":23},"end":{"line":3,"column":54}},"3":{"start":{"line":4,"column":24},"end":{"line":4,"column":50}},"4":{"start":{"line":5,"column":19},"end":{"line":5,"column":40}},"5":{"start":{"line":6,"column":19},"end":{"line":6,"column":50}},"6":{"start":{"line":7,"column":15},"end":{"line":10,"column":1}},"7":{"start":{"line":8,"column":2},"end":{"line":9,"column":66}},"8":{"start":{"line":9,"column":4},"end":{"line":9,"column":66}},"9":{"start":{"line":11,"column":18},"end":{"line":18,"column":1}},"10":{"start":{"line":12,"column":2},"end":{"line":16,"column":3}},"11":{"start":{"line":13,"column":4},"end":{"line":15,"column":123}},"12":{"start":{"line":14,"column":6},"end":{"line":15,"column":123}},"13":{"start":{"line":15,"column":8},"end":{"line":15,"column":123}},"14":{"start":{"line":15,"column":40},"end":{"line":15,"column":49}},"15":{"start":{"line":17,"column":2},"end":{"line":17,"column":12}},"16":{"start":{"line":19,"column":14},"end":{"line":26,"column":2}},"17":{"start":{"line":19,"column":44},"end":{"line":26,"column":1}},"18":{"start":{"line":27,"column":19},"end":{"line":27,"column":90}},"19":{"start":{"line":27,"column":28},"end":{"line":27,"column":90}},"20":{"start":{"line":28,"column":20},"end":{"line":28,"column":22}},"21":{"start":{"line":29,"column":0},"end":{"line":31,"column":3}},"22":{"start":{"line":30,"column":17},"end":{"line":30,"column":30}},"23":{"start":{"line":32,"column":0},"end":{"line":32,"column":45}},"24":{"start":{"line":33,"column":25},"end":{"line":33,"column":69}},"25":{"start":{"line":34,"column":22},"end":{"line":34,"column":63}},"26":{"start":{"line":37,"column":4},"end":{"line":37,"column":50}},"27":{"start":{"line":38,"column":18},"end":{"line":38,"column":34}},"28":{"start":{"line":39,"column":4},"end":{"line":41,"column":5}},"29":{"start":{"line":40,"column":6},"end":{"line":40,"column":26}},"30":{"start":{"line":42,"column":4},"end":{"line":47,"column":7}},"31":{"start":{"line":50,"column":4},"end":{"line":50,"column":50}},"32":{"start":{"line":51,"column":18},"end":{"line":51,"column":42}},"33":{"start":{"line":52,"column":16},"end":{"line":52,"column":31}},"34":{"start":{"line":53,"column":4},"end":{"line":55,"column":6}},"35":{"start":{"line":56,"column":20},"end":{"line":86,"column":6}},"36":{"start":{"line":87,"column":4},"end":{"line":91,"column":5}},"37":{"start":{"line":88,"column":6},"end":{"line":90,"column":8}},"38":{"start":{"line":92,"column":24},"end":{"line":95,"column":6}},"39":{"start":{"line":96,"column":4},"end":{"line":96,"column":30}},"40":{"start":{"line":99,"column":4},"end":{"line":112,"column":5}},"41":{"start":{"line":100,"column":6},"end":{"line":100,"column":52}},"42":{"start":{"line":101,"column":26},"end":{"line":105,"column":7}},"43":{"start":{"line":106,"column":6},"end":{"line":108,"column":7}},"44":{"start":{"line":107,"column":8},"end":{"line":107,"column":53}},"45":{"start":{"line":109,"column":6},"end":{"line":109,"column":25}},"46":{"start":{"line":111,"column":6},"end":{"line":111,"column":16}},"47":{"start":{"line":115,"column":4},"end":{"line":133,"column":5}},"48":{"start":{"line":116,"column":6},"end":{"line":116,"column":52}},"49":{"start":{"line":117,"column":33},"end":{"line":117,"column":78}},"50":{"start":{"line":118,"column":6},"end":{"line":120,"column":7}},"51":{"start":{"line":119,"column":8},"end":{"line":119,"column":53}},"52":{"start":{"line":121,"column":26},"end":{"line":129,"column":7}},"53":{"start":{"line":130,"column":6},"end":{"line":130,"column":25}},"54":{"start":{"line":132,"column":6},"end":{"line":132,"column":16}},"55":{"start":{"line":136,"column":4},"end":{"line":141,"column":5}},"56":{"start":{"line":137,"column":6},"end":{"line":137,"column":48}},"57":{"start":{"line":138,"column":6},"end":{"line":138,"column":36}},"58":{"start":{"line":140,"column":6},"end":{"line":140,"column":29}},"59":{"start":{"line":144,"column":20},"end":{"line":144,"column":41}}},"fnMap":{"0":{"name":"(anonymous_0)","decl":{"start":{"line":7,"column":15},"end":{"line":7,"column":16}},"loc":{"start":{"line":7,"column":32},"end":{"line":10,"column":1}},"line":7},"1":{"name":"(anonymous_1)","decl":{"start":{"line":11,"column":18},"end":{"line":11,"column":19}},"loc":{"start":{"line":11,"column":46},"end":{"line":18,"column":1}},"line":11},"2":{"name":"(anonymous_2)","decl":{"start":{"line":15,"column":34},"end":{"line":15,"column":35}},"loc":{"start":{"line":15,"column":40},"end":{"line":15,"column":49}},"line":15},"3":{"name":"(anonymous_3)","decl":{"start":{"line":19,"column":14},"end":{"line":19,"column":15}},"loc":{"start":{"line":19,"column":44},"end":{"line":26,"column":1}},"line":19},"4":{"name":"(anonymous_4)","decl":{"start":{"line":27,"column":19},"end":{"line":27,"column":20}},"loc":{"start":{"line":27,"column":28},"end":{"line":27,"column":90}},"line":27},"5":{"name":"(anonymous_5)","decl":{"start":{"line":30,"column":11},"end":{"line":30,"column":12}},"loc":{"start":{"line":30,"column":17},"end":{"line":30,"column":30}},"line":30},"6":{"name":"(anonymous_6)","decl":{"start":{"line":36,"column":2},"end":{"line":36,"column":3}},"loc":{"start":{"line":36,"column":40},"end":{"line":48,"column":3}},"line":36},"7":{"name":"(anonymous_7)","decl":{"start":{"line":49,"column":2},"end":{"line":49,"column":3}},"loc":{"start":{"line":49,"column":31},"end":{"line":97,"column":3}},"line":49},"8":{"name":"(anonymous_8)","decl":{"start":{"line":98,"column":2},"end":{"line":98,"column":3}},"loc":{"start":{"line":98,"column":28},"end":{"line":113,"column":3}},"line":98},"9":{"name":"(anonymous_9)","decl":{"start":{"line":114,"column":2},"end":{"line":114,"column":3}},"loc":{"start":{"line":114,"column":32},"end":{"line":134,"column":3}},"line":114},"10":{"name":"(anonymous_10)","decl":{"start":{"line":135,"column":2},"end":{"line":135,"column":3}},"loc":{"start":{"line":135,"column":26},"end":{"line":142,"column":3}},"line":135}},"branchMap":{"0":{"loc":{"start":{"line":12,"column":2},"end":{"line":16,"column":3}},"type":"if","locations":[{"start":{"line":12,"column":2},"end":{"line":16,"column":3}},{"start":{},"end":{}}],"line":12},"1":{"loc":{"start":{"line":12,"column":6},"end":{"line":12,"column":68}},"type":"binary-expr","locations":[{"start":{"line":12,"column":6},"end":{"line":12,"column":10}},{"start":{"line":12,"column":14},"end":{"line":12,"column":38}},{"start":{"line":12,"column":42},"end":{"line":12,"column":68}}],"line":12},"2":{"loc":{"start":{"line":14,"column":6},"end":{"line":15,"column":123}},"type":"if","locations":[{"start":{"line":14,"column":6},"end":{"line":15,"column":123}},{"start":{},"end":{}}],"line":14},"3":{"loc":{"start":{"line":14,"column":10},"end":{"line":14,"column":55}},"type":"binary-expr","locations":[{"start":{"line":14,"column":10},"end":{"line":14,"column":37}},{"start":{"line":14,"column":41},"end":{"line":14,"column":55}}],"line":14},"4":{"loc":{"start":{"line":15,"column":63},"end":{"line":15,"column":119}},"type":"binary-expr","locations":[{"start":{"line":15,"column":63},"end":{"line":15,"column":100}},{"start":{"line":15,"column":104},"end":{"line":15,"column":119}}],"line":15},"5":{"loc":{"start":{"line":19,"column":53},"end":{"line":19,"column":99}},"type":"cond-expr","locations":[{"start":{"line":19,"column":67},"end":{"line":19,"column":94}},{"start":{"line":19,"column":97},"end":{"line":19,"column":99}}],"line":19},"6":{"loc":{"start":{"line":24,"column":2},"end":{"line":24,"column":113}},"type":"cond-expr","locations":[{"start":{"line":24,"column":42},"end":{"line":24,"column":104}},{"start":{"line":24,"column":107},"end":{"line":24,"column":113}}],"line":24},"7":{"loc":{"start":{"line":24,"column":2},"end":{"line":24,"column":39}},"type":"binary-expr","locations":[{"start":{"line":24,"column":2},"end":{"line":24,"column":12}},{"start":{"line":24,"column":16},"end":{"line":24,"column":20}},{"start":{"line":24,"column":24},"end":{"line":24,"column":39}}],"line":24},"8":{"loc":{"start":{"line":39,"column":4},"end":{"line":41,"column":5}},"type":"if","locations":[{"start":{"line":39,"column":4},"end":{"line":41,"column":5}},{"start":{},"end":{}}],"line":39},"9":{"loc":{"start":{"line":54,"column":26},"end":{"line":54,"column":53}},"type":"binary-expr","locations":[{"start":{"line":54,"column":26},"end":{"line":54,"column":48}},{"start":{"line":54,"column":52},"end":{"line":54,"column":53}}],"line":54},"10":{"loc":{"start":{"line":87,"column":4},"end":{"line":91,"column":5}},"type":"if","locations":[{"start":{"line":87,"column":4},"end":{"line":91,"column":5}},{"start":{},"end":{}}],"line":87},"11":{"loc":{"start":{"line":106,"column":6},"end":{"line":108,"column":7}},"type":"if","locations":[{"start":{"line":106,"column":6},"end":{"line":108,"column":7}},{"start":{},"end":{}}],"line":106},"12":{"loc":{"start":{"line":118,"column":6},"end":{"line":120,"column":7}},"type":"if","locations":[{"start":{"line":118,"column":6},"end":{"line":120,"column":7}},{"start":{},"end":{}}],"line":118}},"s":{"0":1,"1":1,"2":1,"3":1,"4":1,"5":1,"6":1,"7":1,"8":1,"9":1,"10":3,"11":3,"12":4,"13":4,"14":15,"15":3,"16":1,"17":2,"18":1,"19":1,"20":1,"21":1,"22":6,"23":1,"24":1,"25":1,"26":2,"27":2,"28":2,"29":1,"30":2,"31":4,"32":4,"33":4,"34":4,"35":4,"36":4,"37":1,"38":3,"39":3,"40":0,"41":0,"42":0,"43":0,"44":0,"45":0,"46":0,"47":0,"48":0,"49":0,"50":0,"51":0,"52":0,"53":0,"54":0,"55":0,"56":0,"57":0,"58":0,"59":1},"f":{"0":1,"1":3,"2":15,"3":2,"4":1,"5":6,"6":2,"7":4,"8":0,"9":0,"10":0},"b":{"0":[3,0],"1":[3,3,0],"2":[4,0],"3":[4,4],"4":[4,4],"5":[2,0],"6":[1,1],"7":[2,2,2],"8":[1,1],"9":[4,0],"10":[1,3],"11":[0,0],"12":[0,0]},"inputSourceMap":null,"_coverageSchema":"1a1c01bbd47fc00a2c39e90264f33305004495a9","hash":"96095a7fa590a3a2d533e059e07c5589cf9761f9"}
,"C:\\Users\\conta\\Pets\\models\\Reservation.js": {"path":"C:\\Users\\conta\\Pets\\models\\Reservation.js","statementMap":{"0":{"start":{"line":1,"column":15},"end":{"line":1,"column":28}},"1":{"start":{"line":2,"column":16},"end":{"line":2,"column":37}},"2":{"start":{"line":3,"column":23},"end":{"line":3,"column":54}},"3":{"start":{"line":4,"column":24},"end":{"line":4,"column":50}},"4":{"start":{"line":5,"column":19},"end":{"line":5,"column":40}},"5":{"start":{"line":6,"column":19},"end":{"line":6,"column":50}},"6":{"start":{"line":7,"column":15},"end":{"line":10,"column":1}},"7":{"start":{"line":8,"column":2},"end":{"line":9,"column":66}},"8":{"start":{"line":9,"column":4},"end":{"line":9,"column":66}},"9":{"start":{"line":11,"column":18},"end":{"line":18,"column":1}},"10":{"start":{"line":12,"column":2},"end":{"line":16,"column":3}},"11":{"start":{"line":13,"column":4},"end":{"line":15,"column":123}},"12":{"start":{"line":14,"column":6},"end":{"line":15,"column":123}},"13":{"start":{"line":15,"column":8},"end":{"line":15,"column":123}},"14":{"start":{"line":15,"column":40},"end":{"line":15,"column":49}},"15":{"start":{"line":17,"column":2},"end":{"line":17,"column":12}},"16":{"start":{"line":19,"column":14},"end":{"line":26,"column":2}},"17":{"start":{"line":19,"column":44},"end":{"line":26,"column":1}},"18":{"start":{"line":27,"column":19},"end":{"line":27,"column":90}},"19":{"start":{"line":27,"column":28},"end":{"line":27,"column":90}},"20":{"start":{"line":28,"column":20},"end":{"line":28,"column":22}},"21":{"start":{"line":29,"column":0},"end":{"line":31,"column":3}},"22":{"start":{"line":30,"column":17},"end":{"line":30,"column":30}},"23":{"start":{"line":32,"column":0},"end":{"line":32,"column":45}},"24":{"start":{"line":33,"column":22},"end":{"line":33,"column":50}},"25":{"start":{"line":34,"column":26},"end":{"line":48,"column":2}},"26":{"start":{"line":49,"column":20},"end":{"line":49,"column":83}},"27":{"start":{"line":50,"column":20},"end":{"line":50,"column":31}}},"fnMap":{"0":{"name":"(anonymous_0)","decl":{"start":{"line":7,"column":15},"end":{"line":7,"column":16}},"loc":{"start":{"line":7,"column":32},"end":{"line":10,"column":1}},"line":7},"1":{"name":"(anonymous_1)","decl":{"start":{"line":11,"column":18},"end":{"line":11,"column":19}},"loc":{"start":{"line":11,"column":46},"end":{"line":18,"column":1}},"line":11},"2":{"name":"(anonymous_2)","decl":{"start":{"line":15,"column":34},"end":{"line":15,"column":35}},"loc":{"start":{"line":15,"column":40},"end":{"line":15,"column":49}},"line":15},"3":{"name":"(anonymous_3)","decl":{"start":{"line":19,"column":14},"end":{"line":19,"column":15}},"loc":{"start":{"line":19,"column":44},"end":{"line":26,"column":1}},"line":19},"4":{"name":"(anonymous_4)","decl":{"start":{"line":27,"column":19},"end":{"line":27,"column":20}},"loc":{"start":{"line":27,"column":28},"end":{"line":27,"column":90}},"line":27},"5":{"name":"(anonymous_5)","decl":{"start":{"line":30,"column":11},"end":{"line":30,"column":12}},"loc":{"start":{"line":30,"column":17},"end":{"line":30,"column":30}},"line":30}},"branchMap":{"0":{"loc":{"start":{"line":12,"column":2},"end":{"line":16,"column":3}},"type":"if","locations":[{"start":{"line":12,"column":2},"end":{"line":16,"column":3}},{"start":{},"end":{}}],"line":12},"1":{"loc":{"start":{"line":12,"column":6},"end":{"line":12,"column":68}},"type":"binary-expr","locations":[{"start":{"line":12,"column":6},"end":{"line":12,"column":10}},{"start":{"line":12,"column":14},"end":{"line":12,"column":38}},{"start":{"line":12,"column":42},"end":{"line":12,"column":68}}],"line":12},"2":{"loc":{"start":{"line":14,"column":6},"end":{"line":15,"column":123}},"type":"if","locations":[{"start":{"line":14,"column":6},"end":{"line":15,"column":123}},{"start":{},"end":{}}],"line":14},"3":{"loc":{"start":{"line":14,"column":10},"end":{"line":14,"column":55}},"type":"binary-expr","locations":[{"start":{"line":14,"column":10},"end":{"line":14,"column":37}},{"start":{"line":14,"column":41},"end":{"line":14,"column":55}}],"line":14},"4":{"loc":{"start":{"line":15,"column":63},"end":{"line":15,"column":119}},"type":"binary-expr","locations":[{"start":{"line":15,"column":63},"end":{"line":15,"column":100}},{"start":{"line":15,"column":104},"end":{"line":15,"column":119}}],"line":15},"5":{"loc":{"start":{"line":19,"column":53},"end":{"line":19,"column":99}},"type":"cond-expr","locations":[{"start":{"line":19,"column":67},"end":{"line":19,"column":94}},{"start":{"line":19,"column":97},"end":{"line":19,"column":99}}],"line":19},"6":{"loc":{"start":{"line":24,"column":2},"end":{"line":24,"column":113}},"type":"cond-expr","locations":[{"start":{"line":24,"column":42},"end":{"line":24,"column":104}},{"start":{"line":24,"column":107},"end":{"line":24,"column":113}}],"line":24},"7":{"loc":{"start":{"line":24,"column":2},"end":{"line":24,"column":39}},"type":"binary-expr","locations":[{"start":{"line":24,"column":2},"end":{"line":24,"column":12}},{"start":{"line":24,"column":16},"end":{"line":24,"column":20}},{"start":{"line":24,"column":24},"end":{"line":24,"column":39}}],"line":24}},"s":{"0":1,"1":1,"2":1,"3":1,"4":1,"5":1,"6":1,"7":1,"8":1,"9":1,"10":2,"11":2,"12":55,"13":54,"14":1,"15":2,"16":1,"17":1,"18":1,"19":1,"20":1,"21":1,"22":1,"23":1,"24":1,"25":1,"26":1,"27":1},"f":{"0":1,"1":2,"2":1,"3":1,"4":1,"5":1},"b":{"0":[2,0],"1":[2,2,0],"2":[54,1],"3":[55,54],"4":[54,54],"5":[1,0],"6":[1,0],"7":[1,1,1]},"inputSourceMap":null,"_coverageSchema":"1a1c01bbd47fc00a2c39e90264f33305004495a9","hash":"8b1aa242a7f79e38361842f3aa048f911de2fc47"}
}
