TN:
SF:controllers\ReservationController.js
FN:7,(anonymous_0)
FN:11,(anonymous_1)
FN:15,(anonymous_2)
FN:19,(anonymous_3)
FN:27,(anonymous_4)
FN:30,(anonymous_5)
FN:36,(anonymous_6)
FN:49,(anonymous_7)
FN:98,(anonymous_8)
FN:114,(anonymous_9)
FN:135,(anonymous_10)
FNF:11
FNH:8
FNDA:1,(anonymous_0)
FNDA:3,(anonymous_1)
FNDA:15,(anonymous_2)
FNDA:2,(anonymous_3)
FNDA:1,(anonymous_4)
FNDA:6,(anonymous_5)
FNDA:2,(anonymous_6)
FNDA:4,(anonymous_7)
FNDA:0,(anonymous_8)
FNDA:0,(anonymous_9)
FNDA:0,(anonymous_10)
DA:1,1
DA:2,1
DA:3,1
DA:4,1
DA:5,1
DA:6,1
DA:7,1
DA:8,1
DA:9,1
DA:11,1
DA:12,3
DA:13,3
DA:14,4
DA:15,15
DA:17,3
DA:19,2
DA:27,1
DA:28,1
DA:29,1
DA:30,6
DA:32,1
DA:33,1
DA:34,1
DA:37,2
DA:38,2
DA:39,2
DA:40,1
DA:42,2
DA:50,4
DA:51,4
DA:52,4
DA:53,4
DA:56,4
DA:87,4
DA:88,1
DA:92,3
DA:96,3
DA:99,0
DA:100,0
DA:101,0
DA:106,0
DA:107,0
DA:109,0
DA:111,0
DA:115,0
DA:116,0
DA:117,0
DA:118,0
DA:119,0
DA:121,0
DA:130,0
DA:132,0
DA:136,0
DA:137,0
DA:138,0
DA:140,0
DA:144,1
LF:57
LH:38
BRDA:12,0,0,3
BRDA:12,0,1,0
BRDA:12,1,0,3
BRDA:12,1,1,3
BRDA:12,1,2,0
BRDA:14,2,0,4
BRDA:14,2,1,0
BRDA:14,3,0,4
BRDA:14,3,1,4
BRDA:15,4,0,4
BRDA:15,4,1,4
BRDA:19,5,0,2
BRDA:19,5,1,0
BRDA:24,6,0,1
BRDA:24,6,1,1
BRDA:24,7,0,2
BRDA:24,7,1,2
BRDA:24,7,2,2
BRDA:39,8,0,1
BRDA:39,8,1,1
BRDA:54,9,0,4
BRDA:54,9,1,0
BRDA:87,10,0,1
BRDA:87,10,1,3
BRDA:106,11,0,0
BRDA:106,11,1,0
BRDA:118,12,0,0
BRDA:118,12,1,0
BRF:28
BRH:19
end_of_record
TN:
SF:models\Reservation.js
FN:7,(anonymous_0)
FN:11,(anonymous_1)
FN:15,(anonymous_2)
FN:19,(anonymous_3)
FN:27,(anonymous_4)
FN:30,(anonymous_5)
FNF:6
FNH:6
FNDA:1,(anonymous_0)
FNDA:2,(anonymous_1)
FNDA:1,(anonymous_2)
FNDA:1,(anonymous_3)
FNDA:1,(anonymous_4)
FNDA:1,(anonymous_5)
DA:1,1
DA:2,1
DA:3,1
DA:4,1
DA:5,1
DA:6,1
DA:7,1
DA:8,1
DA:9,1
DA:11,1
DA:12,2
DA:13,2
DA:14,55
DA:15,54
DA:17,2
DA:19,1
DA:27,1
DA:28,1
DA:29,1
DA:30,1
DA:32,1
DA:33,1
DA:34,1
DA:49,1
DA:50,1
LF:25
LH:25
BRDA:12,0,0,2
BRDA:12,0,1,0
BRDA:12,1,0,2
BRDA:12,1,1,2
BRDA:12,1,2,0
BRDA:14,2,0,54
BRDA:14,2,1,1
BRDA:14,3,0,55
BRDA:14,3,1,54
BRDA:15,4,0,54
BRDA:15,4,1,54
BRDA:19,5,0,1
BRDA:19,5,1,0
BRDA:24,6,0,1
BRDA:24,6,1,0
BRDA:24,7,0,1
BRDA:24,7,1,1
BRDA:24,7,2,1
BRF:18
BRH:14
end_of_record
